<?xml version="1.0" encoding="UTF-8"?>
<testsuite xmlns:xsi="http://www.w3.org/2001/XMLSchema-instance" xsi:noNamespaceSchemaLocation="https://maven.apache.org/surefire/maven-surefire-plugin/xsd/surefire-test-report-3.0.xsd" version="3.0" name="dci.DCIComputerTest" time="0.029" tests="5" errors="0" skipped="0" failures="0">
  <properties>
    <property name="java.specification.version" value="17"/>
    <property name="sun.jnu.encoding" value="UTF-8"/>
    <property name="java.class.path" value="/Users/ezekiel/Desktop/MicroserviceMeasure/target/test-classes:/Users/ezekiel/Desktop/MicroserviceMeasure/target/classes:/Users/ezekiel/.m2/repository/stax/stax-api/1.0.1/stax-api-1.0.1.jar:/Users/ezekiel/.m2/repository/org/apache/poi/poi-ooxml-schemas/3.9/poi-ooxml-schemas-3.9.jar:/Users/ezekiel/.m2/repository/org/apache/xmlbeans/xmlbeans/2.3.0/xmlbeans-2.3.0.jar:/Users/ezekiel/.m2/repository/org/apache/poi/poi-scratchpad/3.9/poi-scratchpad-3.9.jar:/Users/ezekiel/.m2/repository/org/apache/poi/poi/3.9/poi-3.9.jar:/Users/ezekiel/.m2/repository/commons-codec/commons-codec/1.5/commons-codec-1.5.jar:/Users/ezekiel/.m2/repository/org/apache/poi/poi-examples/3.9/poi-examples-3.9.jar:/Users/ezekiel/.m2/repository/org/apache/poi/poi-ooxml/3.9/poi-ooxml-3.9.jar:/Users/ezekiel/.m2/repository/dom4j/dom4j/1.6.1/dom4j-1.6.1.jar:/Users/ezekiel/.m2/repository/xml-apis/xml-apis/1.0.b2/xml-apis-1.0.b2.jar:/Users/ezekiel/.m2/repository/org/apache/commons/commons-collections4/4.1/commons-collections4-4.1.jar:/Users/ezekiel/.m2/repository/com/fasterxml/jackson/core/jackson-databind/2.15.2/jackson-databind-2.15.2.jar:/Users/ezekiel/.m2/repository/com/fasterxml/jackson/core/jackson-core/2.15.2/jackson-core-2.15.2.jar:/Users/ezekiel/.m2/repository/com/fasterxml/jackson/core/jackson-annotations/2.15.2/jackson-annotations-2.15.2.jar:/Users/ezekiel/.m2/repository/org/graphstream/gs-core/2.0/gs-core-2.0.jar:/Users/ezekiel/.m2/repository/org/graphstream/pherd/1.0/pherd-1.0.jar:/Users/ezekiel/.m2/repository/org/graphstream/mbox2/1.0/mbox2-1.0.jar:/Users/ezekiel/.m2/repository/junit/junit/4.13.2/junit-4.13.2.jar:/Users/ezekiel/.m2/repository/org/hamcrest/hamcrest-core/1.3/hamcrest-core-1.3.jar:"/>
    <property name="java.vm.vendor" value="Oracle Corporation"/>
    <property name="sun.arch.data.model" value="64"/>
    <property name="java.vendor.url" value="https://java.oracle.com/"/>
    <property name="os.name" value="Mac OS X"/>
    <property name="java.vm.specification.version" value="17"/>
    <property name="sun.java.launcher" value="SUN_STANDARD"/>
    <property name="user.country" value="NG"/>
    <property name="sun.boot.library.path" value="/Library/Java/JavaVirtualMachines/jdk-17.jdk/Contents/Home/lib"/>
    <property name="sun.java.command" value="/Users/ezekiel/Desktop/MicroserviceMeasure/target/surefire/surefirebooter-20250819210211321_3.jar /Users/ezekiel/Desktop/MicroserviceMeasure/target/surefire 2025-08-19T21-02-11_276-jvmRun1 surefire-20250819210211321_1tmp surefire_0-20250819210211321_2tmp"/>
    <property name="http.nonProxyHosts" value="local|*.local|169.254/16|*.169.254/16"/>
    <property name="jdk.debug" value="release"/>
    <property name="surefire.test.class.path" value="/Users/ezekiel/Desktop/MicroserviceMeasure/target/test-classes:/Users/ezekiel/Desktop/MicroserviceMeasure/target/classes:/Users/ezekiel/.m2/repository/stax/stax-api/1.0.1/stax-api-1.0.1.jar:/Users/ezekiel/.m2/repository/org/apache/poi/poi-ooxml-schemas/3.9/poi-ooxml-schemas-3.9.jar:/Users/ezekiel/.m2/repository/org/apache/xmlbeans/xmlbeans/2.3.0/xmlbeans-2.3.0.jar:/Users/ezekiel/.m2/repository/org/apache/poi/poi-scratchpad/3.9/poi-scratchpad-3.9.jar:/Users/ezekiel/.m2/repository/org/apache/poi/poi/3.9/poi-3.9.jar:/Users/ezekiel/.m2/repository/commons-codec/commons-codec/1.5/commons-codec-1.5.jar:/Users/ezekiel/.m2/repository/org/apache/poi/poi-examples/3.9/poi-examples-3.9.jar:/Users/ezekiel/.m2/repository/org/apache/poi/poi-ooxml/3.9/poi-ooxml-3.9.jar:/Users/ezekiel/.m2/repository/dom4j/dom4j/1.6.1/dom4j-1.6.1.jar:/Users/ezekiel/.m2/repository/xml-apis/xml-apis/1.0.b2/xml-apis-1.0.b2.jar:/Users/ezekiel/.m2/repository/org/apache/commons/commons-collections4/4.1/commons-collections4-4.1.jar:/Users/ezekiel/.m2/repository/com/fasterxml/jackson/core/jackson-databind/2.15.2/jackson-databind-2.15.2.jar:/Users/ezekiel/.m2/repository/com/fasterxml/jackson/core/jackson-core/2.15.2/jackson-core-2.15.2.jar:/Users/ezekiel/.m2/repository/com/fasterxml/jackson/core/jackson-annotations/2.15.2/jackson-annotations-2.15.2.jar:/Users/ezekiel/.m2/repository/org/graphstream/gs-core/2.0/gs-core-2.0.jar:/Users/ezekiel/.m2/repository/org/graphstream/pherd/1.0/pherd-1.0.jar:/Users/ezekiel/.m2/repository/org/graphstream/mbox2/1.0/mbox2-1.0.jar:/Users/ezekiel/.m2/repository/junit/junit/4.13.2/junit-4.13.2.jar:/Users/ezekiel/.m2/repository/org/hamcrest/hamcrest-core/1.3/hamcrest-core-1.3.jar:"/>
    <property name="sun.cpu.endian" value="little"/>
    <property name="user.home" value="/Users/ezekiel"/>
    <property name="user.language" value="en"/>
    <property name="java.specification.vendor" value="Oracle Corporation"/>
    <property name="java.version.date" value="2024-04-16"/>
    <property name="java.home" value="/Library/Java/JavaVirtualMachines/jdk-17.jdk/Contents/Home"/>
    <property name="file.separator" value="/"/>
    <property name="basedir" value="/Users/ezekiel/Desktop/MicroserviceMeasure"/>
    <property name="java.vm.compressedOopsMode" value="Zero based"/>
    <property name="line.separator" value="&#10;"/>
    <property name="java.specification.name" value="Java Platform API Specification"/>
    <property name="java.vm.specification.vendor" value="Oracle Corporation"/>
    <property name="surefire.real.class.path" value="/Users/ezekiel/Desktop/MicroserviceMeasure/target/surefire/surefirebooter-20250819210211321_3.jar"/>
    <property name="sun.management.compiler" value="HotSpot 64-Bit Tiered Compilers"/>
    <property name="ftp.nonProxyHosts" value="local|*.local|169.254/16|*.169.254/16"/>
    <property name="java.runtime.version" value="17.0.11+7-LTS-207"/>
    <property name="user.name" value="ezekiel"/>
    <property name="path.separator" value=":"/>
    <property name="os.version" value="15.5"/>
    <property name="java.runtime.name" value="Java(TM) SE Runtime Environment"/>
    <property name="file.encoding" value="UTF-8"/>
    <property name="java.vm.name" value="Java HotSpot(TM) 64-Bit Server VM"/>
    <property name="localRepository" value="/Users/ezekiel/.m2/repository"/>
    <property name="java.vendor.url.bug" value="https://bugreport.java.com/bugreport/"/>
    <property name="java.io.tmpdir" value="/var/folders/56/yvdbcxy170s202l1r9z845f00000gn/T/"/>
    <property name="java.version" value="17.0.11"/>
    <property name="user.dir" value="/Users/ezekiel/Desktop/MicroserviceMeasure"/>
    <property name="os.arch" value="aarch64"/>
    <property name="java.vm.specification.name" value="Java Virtual Machine Specification"/>
    <property name="native.encoding" value="UTF-8"/>
    <property name="java.library.path" value="/Users/ezekiel/Library/Java/Extensions:/Library/Java/Extensions:/Network/Library/Java/Extensions:/System/Library/Java/Extensions:/usr/lib/java:."/>
    <property name="java.vm.info" value="mixed mode, sharing"/>
    <property name="java.vendor" value="Oracle Corporation"/>
    <property name="java.vm.version" value="17.0.11+7-LTS-207"/>
    <property name="sun.io.unicode.encoding" value="UnicodeBig"/>
    <property name="socksNonProxyHosts" value="local|*.local|169.254/16|*.169.254/16"/>
    <property name="java.class.version" value="61.0"/>
  </properties>
  <testcase name="testMultipleCallsSameService" classname="dci.DCIComputerTest" time="0.002"/>
  <testcase name="testSingleServiceSystem" classname="dci.DCIComputerTest" time="0.0"/>
  <testcase name="testIsolatedServiceRMT" classname="dci.DCIComputerTest" time="0.0"/>
  <testcase name="testStatusClassification" classname="dci.DCIComputerTest" time="0.0"/>
  <testcase name="testSimpleRMTCalculation" classname="dci.DCIComputerTest" time="0.0"/>
</testsuite>